2023-12-13T04:32:36.911+09:00  INFO 20684 --- [restartedMain] com.portpolio.DemoApplication            : Starting DemoApplication using Java 17.0.7 with PID 20684 (D:\workSpace\home-work\portpolio\target\classes started by hongju in D:\workSpace\home-work\portpolio)
2023-12-13T04:32:36.921+09:00  INFO 20684 --- [restartedMain] com.portpolio.DemoApplication            : No active profile set, falling back to 1 default profile: "default"
2023-12-13T04:32:36.978+09:00  INFO 20684 --- [restartedMain] .e.DevToolsPropertyDefaultsPostProcessor : Devtools property defaults active! Set 'spring.devtools.add-properties' to 'false' to disable
2023-12-13T04:32:36.979+09:00  INFO 20684 --- [restartedMain] .e.DevToolsPropertyDefaultsPostProcessor : For additional web related logging consider setting the 'logging.level.web' property to 'DEBUG'
2023-12-13T04:32:37.642+09:00  INFO 20684 --- [restartedMain] .s.d.r.c.RepositoryConfigurationDelegate : Bootstrapping Spring Data JPA repositories in DEFAULT mode.
2023-12-13T04:32:37.670+09:00  INFO 20684 --- [restartedMain] .s.d.r.c.RepositoryConfigurationDelegate : Finished Spring Data repository scanning in 15 ms. Found 0 JPA repository interfaces.
2023-12-13T04:32:38.365+09:00  INFO 20684 --- [restartedMain] o.s.b.w.embedded.tomcat.TomcatWebServer  : Tomcat initialized with port(s): 8080 (http)
2023-12-13T04:32:38.376+09:00  INFO 20684 --- [restartedMain] o.apache.catalina.core.StandardService   : Starting service [Tomcat]
2023-12-13T04:32:38.377+09:00  INFO 20684 --- [restartedMain] o.apache.catalina.core.StandardEngine    : Starting Servlet engine: [Apache Tomcat/10.1.13]
2023-12-13T04:32:38.475+09:00  INFO 20684 --- [restartedMain] o.a.c.c.C.[Tomcat].[localhost].[/]       : Initializing Spring embedded WebApplicationContext
2023-12-13T04:32:38.476+09:00  INFO 20684 --- [restartedMain] w.s.c.ServletWebServerApplicationContext : Root WebApplicationContext: initialization completed in 1496 ms
2023-12-13T04:32:38.545+09:00  WARN 20684 --- [restartedMain] ConfigServletWebServerApplicationContext : Exception encountered during context initialization - cancelling refresh attempt: org.springframework.beans.factory.UnsatisfiedDependencyException: Error creating bean with name 'dataSourceScriptDatabaseInitializer' defined in class path resource [org/springframework/boot/autoconfigure/sql/init/DataSourceInitializationConfiguration.class]: Unsatisfied dependency expressed through method 'dataSourceScriptDatabaseInitializer' parameter 0: Error creating bean with name 'dataSource' defined in class path resource [org/springframework/boot/autoconfigure/jdbc/DataSourceConfiguration$Hikari.class]: Failed to instantiate [com.zaxxer.hikari.HikariDataSource]: Factory method 'dataSource' threw exception with message: Failed to determine a suitable driver class
2023-12-13T04:32:38.549+09:00  INFO 20684 --- [restartedMain] o.apache.catalina.core.StandardService   : Stopping service [Tomcat]
2023-12-13T04:32:38.570+09:00  INFO 20684 --- [restartedMain] .s.b.a.l.ConditionEvaluationReportLogger : 

Error starting ApplicationContext. To display the condition evaluation report re-run your application with 'debug' enabled.
2023-12-13T04:32:38.595+09:00 ERROR 20684 --- [restartedMain] o.s.b.d.LoggingFailureAnalysisReporter   : 

***************************
APPLICATION FAILED TO START
***************************

Description:

Failed to configure a DataSource: 'url' attribute is not specified and no embedded datasource could be configured.

Reason: Failed to determine a suitable driver class


Action:

Consider the following:
	If you want an embedded database (H2, HSQL or Derby), please put it on the classpath.
	If you have database settings to be loaded from a particular profile you may need to activate it (no profiles are currently active).

2023-12-13T04:33:15.154+09:00  INFO 9572 --- [restartedMain] com.portpolio.DemoApplication            : Starting DemoApplication using Java 17.0.7 with PID 9572 (D:\workSpace\home-work\portpolio\target\classes started by hongju in D:\workSpace\home-work\portpolio)
2023-12-13T04:33:15.157+09:00  INFO 9572 --- [restartedMain] com.portpolio.DemoApplication            : No active profile set, falling back to 1 default profile: "default"
2023-12-13T04:33:15.208+09:00  INFO 9572 --- [restartedMain] .e.DevToolsPropertyDefaultsPostProcessor : Devtools property defaults active! Set 'spring.devtools.add-properties' to 'false' to disable
2023-12-13T04:33:15.209+09:00  INFO 9572 --- [restartedMain] .e.DevToolsPropertyDefaultsPostProcessor : For additional web related logging consider setting the 'logging.level.web' property to 'DEBUG'
2023-12-13T04:33:15.914+09:00  INFO 9572 --- [restartedMain] .s.d.r.c.RepositoryConfigurationDelegate : Bootstrapping Spring Data JPA repositories in DEFAULT mode.
2023-12-13T04:33:15.946+09:00  INFO 9572 --- [restartedMain] .s.d.r.c.RepositoryConfigurationDelegate : Finished Spring Data repository scanning in 14 ms. Found 0 JPA repository interfaces.
2023-12-13T04:33:16.723+09:00  INFO 9572 --- [restartedMain] o.s.b.w.embedded.tomcat.TomcatWebServer  : Tomcat initialized with port(s): 8080 (http)
2023-12-13T04:33:16.735+09:00  INFO 9572 --- [restartedMain] o.apache.catalina.core.StandardService   : Starting service [Tomcat]
2023-12-13T04:33:16.735+09:00  INFO 9572 --- [restartedMain] o.apache.catalina.core.StandardEngine    : Starting Servlet engine: [Apache Tomcat/10.1.13]
2023-12-13T04:33:16.829+09:00  INFO 9572 --- [restartedMain] o.a.c.c.C.[Tomcat].[localhost].[/]       : Initializing Spring embedded WebApplicationContext
2023-12-13T04:33:16.830+09:00  INFO 9572 --- [restartedMain] w.s.c.ServletWebServerApplicationContext : Root WebApplicationContext: initialization completed in 1620 ms
2023-12-13T04:33:16.892+09:00  WARN 9572 --- [restartedMain] ConfigServletWebServerApplicationContext : Exception encountered during context initialization - cancelling refresh attempt: org.springframework.beans.factory.UnsatisfiedDependencyException: Error creating bean with name 'dataSourceScriptDatabaseInitializer' defined in class path resource [org/springframework/boot/autoconfigure/sql/init/DataSourceInitializationConfiguration.class]: Unsatisfied dependency expressed through method 'dataSourceScriptDatabaseInitializer' parameter 0: Error creating bean with name 'dataSource' defined in class path resource [org/springframework/boot/autoconfigure/jdbc/DataSourceConfiguration$Hikari.class]: Failed to instantiate [com.zaxxer.hikari.HikariDataSource]: Factory method 'dataSource' threw exception with message: Failed to determine a suitable driver class
2023-12-13T04:33:16.896+09:00  INFO 9572 --- [restartedMain] o.apache.catalina.core.StandardService   : Stopping service [Tomcat]
2023-12-13T04:33:16.915+09:00  INFO 9572 --- [restartedMain] .s.b.a.l.ConditionEvaluationReportLogger : 

Error starting ApplicationContext. To display the condition evaluation report re-run your application with 'debug' enabled.
2023-12-13T04:33:16.941+09:00 ERROR 9572 --- [restartedMain] o.s.b.d.LoggingFailureAnalysisReporter   : 

***************************
APPLICATION FAILED TO START
***************************

Description:

Failed to configure a DataSource: 'url' attribute is not specified and no embedded datasource could be configured.

Reason: Failed to determine a suitable driver class


Action:

Consider the following:
	If you want an embedded database (H2, HSQL or Derby), please put it on the classpath.
	If you have database settings to be loaded from a particular profile you may need to activate it (no profiles are currently active).

2023-12-13T04:34:40.951+09:00  INFO 6332 --- [restartedMain] com.portpolio.DemoApplication            : Starting DemoApplication using Java 17.0.7 with PID 6332 (D:\workSpace\home-work\portpolio\target\classes started by hongju in D:\workSpace\home-work\portpolio)
2023-12-13T04:34:40.955+09:00  INFO 6332 --- [restartedMain] com.portpolio.DemoApplication            : No active profile set, falling back to 1 default profile: "default"
2023-12-13T04:34:41.008+09:00  INFO 6332 --- [restartedMain] .e.DevToolsPropertyDefaultsPostProcessor : Devtools property defaults active! Set 'spring.devtools.add-properties' to 'false' to disable
2023-12-13T04:34:41.009+09:00  INFO 6332 --- [restartedMain] .e.DevToolsPropertyDefaultsPostProcessor : For additional web related logging consider setting the 'logging.level.web' property to 'DEBUG'
2023-12-13T04:34:41.687+09:00  INFO 6332 --- [restartedMain] .s.d.r.c.RepositoryConfigurationDelegate : Bootstrapping Spring Data JPA repositories in DEFAULT mode.
2023-12-13T04:34:41.715+09:00  INFO 6332 --- [restartedMain] .s.d.r.c.RepositoryConfigurationDelegate : Finished Spring Data repository scanning in 16 ms. Found 0 JPA repository interfaces.
2023-12-13T04:34:42.377+09:00  INFO 6332 --- [restartedMain] o.s.b.w.embedded.tomcat.TomcatWebServer  : Tomcat initialized with port(s): 8080 (http)
2023-12-13T04:34:42.387+09:00  INFO 6332 --- [restartedMain] o.apache.catalina.core.StandardService   : Starting service [Tomcat]
2023-12-13T04:34:42.388+09:00  INFO 6332 --- [restartedMain] o.apache.catalina.core.StandardEngine    : Starting Servlet engine: [Apache Tomcat/10.1.13]
2023-12-13T04:34:42.479+09:00  INFO 6332 --- [restartedMain] o.a.c.c.C.[Tomcat].[localhost].[/]       : Initializing Spring embedded WebApplicationContext
2023-12-13T04:34:42.480+09:00  INFO 6332 --- [restartedMain] w.s.c.ServletWebServerApplicationContext : Root WebApplicationContext: initialization completed in 1470 ms
2023-12-13T04:34:42.614+09:00  INFO 6332 --- [restartedMain] com.zaxxer.hikari.HikariDataSource       : HikariPool-1 - Starting...
2023-12-13T04:34:42.978+09:00  INFO 6332 --- [restartedMain] com.zaxxer.hikari.pool.HikariPool        : HikariPool-1 - Added connection com.mysql.cj.jdbc.ConnectionImpl@7c9db488
2023-12-13T04:34:42.981+09:00  INFO 6332 --- [restartedMain] com.zaxxer.hikari.HikariDataSource       : HikariPool-1 - Start completed.
2023-12-13T04:34:43.027+09:00  INFO 6332 --- [restartedMain] o.hibernate.jpa.internal.util.LogHelper  : HHH000204: Processing PersistenceUnitInfo [name: default]
2023-12-13T04:34:43.079+09:00  INFO 6332 --- [restartedMain] org.hibernate.Version                    : HHH000412: Hibernate ORM core version 6.2.9.Final
2023-12-13T04:34:43.082+09:00  INFO 6332 --- [restartedMain] org.hibernate.cfg.Environment            : HHH000406: Using bytecode reflection optimizer
2023-12-13T04:34:43.225+09:00  INFO 6332 --- [restartedMain] o.h.b.i.BytecodeProviderInitiator        : HHH000021: Bytecode provider name : bytebuddy
2023-12-13T04:34:43.364+09:00  INFO 6332 --- [restartedMain] o.s.o.j.p.SpringPersistenceUnitInfo      : No LoadTimeWeaver setup: ignoring JPA class transformer
2023-12-13T04:34:43.512+09:00  INFO 6332 --- [restartedMain] o.h.b.i.BytecodeProviderInitiator        : HHH000021: Bytecode provider name : bytebuddy
2023-12-13T04:34:43.697+09:00  INFO 6332 --- [restartedMain] o.h.e.t.j.p.i.JtaPlatformInitiator       : HHH000490: Using JtaPlatform implementation: [org.hibernate.engine.transaction.jta.platform.internal.NoJtaPlatform]
2023-12-13T04:34:43.703+09:00  INFO 6332 --- [restartedMain] j.LocalContainerEntityManagerFactoryBean : Initialized JPA EntityManagerFactory for persistence unit 'default'
2023-12-13T04:34:44.096+09:00  WARN 6332 --- [restartedMain] JpaBaseConfiguration$JpaWebConfiguration : spring.jpa.open-in-view is enabled by default. Therefore, database queries may be performed during view rendering. Explicitly configure spring.jpa.open-in-view to disable this warning
2023-12-13T04:34:44.237+09:00  INFO 6332 --- [restartedMain] o.s.b.a.w.s.WelcomePageHandlerMapping    : Adding welcome page template: index
2023-12-13T04:34:44.472+09:00  INFO 6332 --- [restartedMain] o.s.b.d.a.OptionalLiveReloadServer       : LiveReload server is running on port 35729
2023-12-13T04:34:44.516+09:00  INFO 6332 --- [restartedMain] o.s.b.w.embedded.tomcat.TomcatWebServer  : Tomcat started on port(s): 8080 (http) with context path ''
2023-12-13T04:34:44.527+09:00  INFO 6332 --- [restartedMain] com.portpolio.DemoApplication            : Started DemoApplication in 3.938 seconds (process running for 4.464)
2023-12-13T04:35:03.917+09:00  INFO 6332 --- [http-nio-8080-exec-1] o.a.c.c.C.[Tomcat].[localhost].[/]       : Initializing Spring DispatcherServlet 'dispatcherServlet'
2023-12-13T04:35:03.919+09:00  INFO 6332 --- [http-nio-8080-exec-1] o.s.web.servlet.DispatcherServlet        : Initializing Servlet 'dispatcherServlet'
2023-12-13T04:35:03.921+09:00  INFO 6332 --- [http-nio-8080-exec-1] o.s.web.servlet.DispatcherServlet        : Completed initialization in 1 ms
2023-12-13T04:35:17.019+09:00  INFO 6332 --- [http-nio-8080-exec-7] c.portpolio.controller.FileController    : downLoad1조_Final.pdf
2023-12-13T04:35:17.020+09:00  INFO 6332 --- [http-nio-8080-exec-7] com.portpolio.service.FileServiceImpl    : D:/workSpace/home-work/portpolio/server-folder/shopping//1조_Final.pdf
2023-12-13T04:35:17.171+09:00  WARN 6332 --- [http-nio-8080-exec-7] o.apache.coyote.http11.Http11Processor   : The HTTP response header [Content-Disposition] with value [attachment;filename=1조_Final.pdf] has been removed from the response because it is invalid

java.lang.IllegalArgumentException: The Unicode character [조] at code point [51,312] cannot be encoded as it is outside the permitted range of 0 to 255
	at org.apache.tomcat.util.buf.MessageBytes.toBytesSimple(MessageBytes.java:286) ~[tomcat-embed-core-10.1.13.jar:10.1.13]
	at org.apache.tomcat.util.buf.MessageBytes.toBytes(MessageBytes.java:259) ~[tomcat-embed-core-10.1.13.jar:10.1.13]
	at org.apache.coyote.http11.Http11OutputBuffer.write(Http11OutputBuffer.java:389) ~[tomcat-embed-core-10.1.13.jar:10.1.13]
	at org.apache.coyote.http11.Http11OutputBuffer.sendHeader(Http11OutputBuffer.java:368) ~[tomcat-embed-core-10.1.13.jar:10.1.13]
	at org.apache.coyote.http11.Http11Processor.prepareResponse(Http11Processor.java:1051) ~[tomcat-embed-core-10.1.13.jar:10.1.13]
	at org.apache.coyote.AbstractProcessor.action(AbstractProcessor.java:377) ~[tomcat-embed-core-10.1.13.jar:10.1.13]
	at org.apache.coyote.Response.action(Response.java:208) ~[tomcat-embed-core-10.1.13.jar:10.1.13]
	at org.apache.coyote.http11.Http11OutputBuffer.doWrite(Http11OutputBuffer.java:187) ~[tomcat-embed-core-10.1.13.jar:10.1.13]
	at org.apache.coyote.Response.doWrite(Response.java:616) ~[tomcat-embed-core-10.1.13.jar:10.1.13]
	at org.apache.catalina.connector.OutputBuffer.realWriteBytes(OutputBuffer.java:331) ~[tomcat-embed-core-10.1.13.jar:10.1.13]
	at org.apache.catalina.connector.OutputBuffer.flushByteBuffer(OutputBuffer.java:773) ~[tomcat-embed-core-10.1.13.jar:10.1.13]
	at org.apache.catalina.connector.OutputBuffer.append(OutputBuffer.java:676) ~[tomcat-embed-core-10.1.13.jar:10.1.13]
	at org.apache.catalina.connector.OutputBuffer.writeBytes(OutputBuffer.java:379) ~[tomcat-embed-core-10.1.13.jar:10.1.13]
	at org.apache.catalina.connector.OutputBuffer.write(OutputBuffer.java:357) ~[tomcat-embed-core-10.1.13.jar:10.1.13]
	at org.apache.catalina.connector.CoyoteOutputStream.write(CoyoteOutputStream.java:97) ~[tomcat-embed-core-10.1.13.jar:10.1.13]
	at java.base/java.io.InputStream.transferTo(InputStream.java:783) ~[na:na]
	at org.springframework.http.converter.ResourceHttpMessageConverter.writeContent(ResourceHttpMessageConverter.java:149) ~[spring-web-6.0.12.jar:6.0.12]
	at org.springframework.http.converter.ResourceHttpMessageConverter.writeInternal(ResourceHttpMessageConverter.java:138) ~[spring-web-6.0.12.jar:6.0.12]
	at org.springframework.http.converter.ResourceHttpMessageConverter.writeInternal(ResourceHttpMessageConverter.java:46) ~[spring-web-6.0.12.jar:6.0.12]
	at org.springframework.http.converter.AbstractHttpMessageConverter.write(AbstractHttpMessageConverter.java:225) ~[spring-web-6.0.12.jar:6.0.12]
	at org.springframework.web.servlet.mvc.method.annotation.AbstractMessageConverterMethodProcessor.writeWithMessageConverters(AbstractMessageConverterMethodProcessor.java:300) ~[spring-webmvc-6.0.12.jar:6.0.12]
	at org.springframework.web.servlet.mvc.method.annotation.HttpEntityMethodProcessor.handleReturnValue(HttpEntityMethodProcessor.java:245) ~[spring-webmvc-6.0.12.jar:6.0.12]
	at org.springframework.web.method.support.HandlerMethodReturnValueHandlerComposite.handleReturnValue(HandlerMethodReturnValueHandlerComposite.java:78) ~[spring-web-6.0.12.jar:6.0.12]
	at org.springframework.web.servlet.mvc.method.annotation.ServletInvocableHandlerMethod.invokeAndHandle(ServletInvocableHandlerMethod.java:136) ~[spring-webmvc-6.0.12.jar:6.0.12]
	at org.springframework.web.servlet.mvc.method.annotation.RequestMappingHandlerAdapter.invokeHandlerMethod(RequestMappingHandlerAdapter.java:884) ~[spring-webmvc-6.0.12.jar:6.0.12]
	at org.springframework.web.servlet.mvc.method.annotation.RequestMappingHandlerAdapter.handleInternal(RequestMappingHandlerAdapter.java:797) ~[spring-webmvc-6.0.12.jar:6.0.12]
	at org.springframework.web.servlet.mvc.method.AbstractHandlerMethodAdapter.handle(AbstractHandlerMethodAdapter.java:87) ~[spring-webmvc-6.0.12.jar:6.0.12]
	at org.springframework.web.servlet.DispatcherServlet.doDispatch(DispatcherServlet.java:1081) ~[spring-webmvc-6.0.12.jar:6.0.12]
	at org.springframework.web.servlet.DispatcherServlet.doService(DispatcherServlet.java:974) ~[spring-webmvc-6.0.12.jar:6.0.12]
	at org.springframework.web.servlet.FrameworkServlet.processRequest(FrameworkServlet.java:1011) ~[spring-webmvc-6.0.12.jar:6.0.12]
	at org.springframework.web.servlet.FrameworkServlet.doGet(FrameworkServlet.java:903) ~[spring-webmvc-6.0.12.jar:6.0.12]
	at jakarta.servlet.http.HttpServlet.service(HttpServlet.java:564) ~[tomcat-embed-core-10.1.13.jar:6.0]
	at org.springframework.web.servlet.FrameworkServlet.service(FrameworkServlet.java:885) ~[spring-webmvc-6.0.12.jar:6.0.12]
	at jakarta.servlet.http.HttpServlet.service(HttpServlet.java:658) ~[tomcat-embed-core-10.1.13.jar:6.0]
	at org.apache.catalina.core.ApplicationFilterChain.internalDoFilter(ApplicationFilterChain.java:205) ~[tomcat-embed-core-10.1.13.jar:10.1.13]
	at org.apache.catalina.core.ApplicationFilterChain.doFilter(ApplicationFilterChain.java:149) ~[tomcat-embed-core-10.1.13.jar:10.1.13]
	at org.apache.tomcat.websocket.server.WsFilter.doFilter(WsFilter.java:51) ~[tomcat-embed-websocket-10.1.13.jar:10.1.13]
	at org.apache.catalina.core.ApplicationFilterChain.internalDoFilter(ApplicationFilterChain.java:174) ~[tomcat-embed-core-10.1.13.jar:10.1.13]
	at org.apache.catalina.core.ApplicationFilterChain.doFilter(ApplicationFilterChain.java:149) ~[tomcat-embed-core-10.1.13.jar:10.1.13]
	at org.springframework.web.filter.RequestContextFilter.doFilterInternal(RequestContextFilter.java:100) ~[spring-web-6.0.12.jar:6.0.12]
	at org.springframework.web.filter.OncePerRequestFilter.doFilter(OncePerRequestFilter.java:116) ~[spring-web-6.0.12.jar:6.0.12]
	at org.apache.catalina.core.ApplicationFilterChain.internalDoFilter(ApplicationFilterChain.java:174) ~[tomcat-embed-core-10.1.13.jar:10.1.13]
	at org.apache.catalina.core.ApplicationFilterChain.doFilter(ApplicationFilterChain.java:149) ~[tomcat-embed-core-10.1.13.jar:10.1.13]
	at org.springframework.web.filter.FormContentFilter.doFilterInternal(FormContentFilter.java:93) ~[spring-web-6.0.12.jar:6.0.12]
	at org.springframework.web.filter.OncePerRequestFilter.doFilter(OncePerRequestFilter.java:116) ~[spring-web-6.0.12.jar:6.0.12]
	at org.apache.catalina.core.ApplicationFilterChain.internalDoFilter(ApplicationFilterChain.java:174) ~[tomcat-embed-core-10.1.13.jar:10.1.13]
	at org.apache.catalina.core.ApplicationFilterChain.doFilter(ApplicationFilterChain.java:149) ~[tomcat-embed-core-10.1.13.jar:10.1.13]
	at org.springframework.web.filter.CharacterEncodingFilter.doFilterInternal(CharacterEncodingFilter.java:201) ~[spring-web-6.0.12.jar:6.0.12]
	at org.springframework.web.filter.OncePerRequestFilter.doFilter(OncePerRequestFilter.java:116) ~[spring-web-6.0.12.jar:6.0.12]
	at org.apache.catalina.core.ApplicationFilterChain.internalDoFilter(ApplicationFilterChain.java:174) ~[tomcat-embed-core-10.1.13.jar:10.1.13]
	at org.apache.catalina.core.ApplicationFilterChain.doFilter(ApplicationFilterChain.java:149) ~[tomcat-embed-core-10.1.13.jar:10.1.13]
	at org.apache.catalina.core.StandardWrapperValve.invoke(StandardWrapperValve.java:167) ~[tomcat-embed-core-10.1.13.jar:10.1.13]
	at org.apache.catalina.core.StandardContextValve.invoke(StandardContextValve.java:90) ~[tomcat-embed-core-10.1.13.jar:10.1.13]
	at org.apache.catalina.authenticator.AuthenticatorBase.invoke(AuthenticatorBase.java:482) ~[tomcat-embed-core-10.1.13.jar:10.1.13]
	at org.apache.catalina.core.StandardHostValve.invoke(StandardHostValve.java:115) ~[tomcat-embed-core-10.1.13.jar:10.1.13]
	at org.apache.catalina.valves.ErrorReportValve.invoke(ErrorReportValve.java:93) ~[tomcat-embed-core-10.1.13.jar:10.1.13]
	at org.apache.catalina.core.StandardEngineValve.invoke(StandardEngineValve.java:74) ~[tomcat-embed-core-10.1.13.jar:10.1.13]
	at org.apache.catalina.connector.CoyoteAdapter.service(CoyoteAdapter.java:341) ~[tomcat-embed-core-10.1.13.jar:10.1.13]
	at org.apache.coyote.http11.Http11Processor.service(Http11Processor.java:391) ~[tomcat-embed-core-10.1.13.jar:10.1.13]
	at org.apache.coyote.AbstractProcessorLight.process(AbstractProcessorLight.java:63) ~[tomcat-embed-core-10.1.13.jar:10.1.13]
	at org.apache.coyote.AbstractProtocol$ConnectionHandler.process(AbstractProtocol.java:894) ~[tomcat-embed-core-10.1.13.jar:10.1.13]
	at org.apache.tomcat.util.net.NioEndpoint$SocketProcessor.doRun(NioEndpoint.java:1740) ~[tomcat-embed-core-10.1.13.jar:10.1.13]
	at org.apache.tomcat.util.net.SocketProcessorBase.run(SocketProcessorBase.java:52) ~[tomcat-embed-core-10.1.13.jar:10.1.13]
	at org.apache.tomcat.util.threads.ThreadPoolExecutor.runWorker(ThreadPoolExecutor.java:1191) ~[tomcat-embed-core-10.1.13.jar:10.1.13]
	at org.apache.tomcat.util.threads.ThreadPoolExecutor$Worker.run(ThreadPoolExecutor.java:659) ~[tomcat-embed-core-10.1.13.jar:10.1.13]
	at org.apache.tomcat.util.threads.TaskThread$WrappingRunnable.run(TaskThread.java:61) ~[tomcat-embed-core-10.1.13.jar:10.1.13]
	at java.base/java.lang.Thread.run(Thread.java:833) ~[na:na]

2023-12-13T04:36:20.006+09:00  INFO 6332 --- [http-nio-8080-exec-2] c.p.c.ocoController.OcoCBoardController  : startRow:0
2023-12-13T04:36:20.008+09:00  INFO 6332 --- [http-nio-8080-exec-2] c.p.c.ocoController.OcoCBoardController  : amount:10
2023-12-13T04:36:20.009+09:00  INFO 6332 --- [http-nio-8080-exec-2] c.p.c.ocoController.OcoCBoardController  : topic:
2023-12-13T04:36:20.010+09:00  INFO 6332 --- [http-nio-8080-exec-2] c.p.service.ocoService.BoardServiceImpl  : getBoardList
2023-12-13T04:36:20.011+09:00  INFO 6332 --- [http-nio-8080-exec-2] c.p.service.ocoService.BoardServiceImpl  : amountgetboard:10
2023-12-13T04:36:20.011+09:00  INFO 6332 --- [http-nio-8080-exec-2] c.p.service.ocoService.BoardServiceImpl  : amountgetboard:0
2023-12-13T04:36:20.079+09:00  INFO 6332 --- [http-nio-8080-exec-2] c.p.service.ocoService.BoardServiceImpl  : getBoardList
2023-12-13T04:36:20.080+09:00  INFO 6332 --- [http-nio-8080-exec-2] c.p.service.ocoService.BoardServiceImpl  : amountgetboard:10
2023-12-13T04:36:20.080+09:00  INFO 6332 --- [http-nio-8080-exec-2] c.p.service.ocoService.BoardServiceImpl  : amountgetboard:0
2023-12-13T04:36:20.083+09:00  INFO 6332 --- [http-nio-8080-exec-2] c.p.c.ocoController.OcoCBoardController  : list : [BoardDTO(boardNum=2, boardTitle=sadfa, boardContents=asfdsadfasdf, updateDate=2023-12-01 12:08:06, regDate=2023-12-01 12:08:06, readCount=0, userId=이홍주, replyCount=0, category=숙소,펜션, topic=궁금해요), BoardDTO(boardNum=1, boardTitle=재덕이 엉덩이 , boardContents=재덕이 엉덩이 궁금해요 기타 파티룸, updateDate=2023-12-01 10:24:43, regDate=2023-11-26 11:13:09, readCount=1, userId=zhsclq, replyCount=0, category=기타,파티룸, topic=궁금해요)]
2023-12-13T04:36:20.106+09:00  INFO 6332 --- [http-nio-8080-exec-2] c.p.c.ocoController.OcoCBoardController  : [0, 0]
2023-12-13T04:37:13.748+09:00  INFO 6332 --- [File Watcher] rtingClassPathChangeChangedEventListener : Restarting due to 1 class path change (0 additions, 0 deletions, 1 modification)
2023-12-13T04:37:13.780+09:00  INFO 6332 --- [Thread-5] o.apache.catalina.core.StandardService   : Stopping service [Tomcat]
2023-12-13T04:37:13.785+09:00  INFO 6332 --- [Thread-5] o.a.c.c.C.[Tomcat].[localhost].[/]       : Destroying Spring FrameworkServlet 'dispatcherServlet'
2023-12-13T04:37:13.800+09:00  INFO 6332 --- [Thread-5] j.LocalContainerEntityManagerFactoryBean : Closing JPA EntityManagerFactory for persistence unit 'default'
2023-12-13T04:37:13.805+09:00  INFO 6332 --- [Thread-5] com.zaxxer.hikari.HikariDataSource       : HikariPool-1 - Shutdown initiated...
2023-12-13T04:37:13.820+09:00  INFO 6332 --- [Thread-5] com.zaxxer.hikari.HikariDataSource       : HikariPool-1 - Shutdown completed.
2023-12-13T04:37:13.915+09:00  INFO 6332 --- [restartedMain] com.portpolio.DemoApplication            : Starting DemoApplication using Java 17.0.7 with PID 6332 (D:\workSpace\home-work\portpolio\target\classes started by hongju in D:\workSpace\home-work\portpolio)
2023-12-13T04:37:13.917+09:00  INFO 6332 --- [restartedMain] com.portpolio.DemoApplication            : No active profile set, falling back to 1 default profile: "default"
2023-12-13T04:37:14.200+09:00  INFO 6332 --- [restartedMain] .s.d.r.c.RepositoryConfigurationDelegate : Bootstrapping Spring Data JPA repositories in DEFAULT mode.
2023-12-13T04:37:14.218+09:00  INFO 6332 --- [restartedMain] .s.d.r.c.RepositoryConfigurationDelegate : Finished Spring Data repository scanning in 14 ms. Found 0 JPA repository interfaces.
2023-12-13T04:37:14.364+09:00  INFO 6332 --- [restartedMain] o.s.b.w.embedded.tomcat.TomcatWebServer  : Tomcat initialized with port(s): 8080 (http)
2023-12-13T04:37:14.366+09:00  INFO 6332 --- [restartedMain] o.apache.catalina.core.StandardService   : Starting service [Tomcat]
2023-12-13T04:37:14.368+09:00  INFO 6332 --- [restartedMain] o.apache.catalina.core.StandardEngine    : Starting Servlet engine: [Apache Tomcat/10.1.13]
2023-12-13T04:37:14.437+09:00  INFO 6332 --- [restartedMain] o.a.c.c.C.[Tomcat].[localhost].[/]       : Initializing Spring embedded WebApplicationContext
2023-12-13T04:37:14.438+09:00  INFO 6332 --- [restartedMain] w.s.c.ServletWebServerApplicationContext : Root WebApplicationContext: initialization completed in 517 ms
2023-12-13T04:37:14.488+09:00  INFO 6332 --- [restartedMain] com.zaxxer.hikari.HikariDataSource       : HikariPool-2 - Starting...
2023-12-13T04:37:14.509+09:00  INFO 6332 --- [restartedMain] com.zaxxer.hikari.pool.HikariPool        : HikariPool-2 - Added connection com.mysql.cj.jdbc.ConnectionImpl@24793e73
2023-12-13T04:37:14.510+09:00  INFO 6332 --- [restartedMain] com.zaxxer.hikari.HikariDataSource       : HikariPool-2 - Start completed.
2023-12-13T04:37:14.511+09:00  INFO 6332 --- [restartedMain] o.hibernate.jpa.internal.util.LogHelper  : HHH000204: Processing PersistenceUnitInfo [name: default]
2023-12-13T04:37:14.518+09:00  INFO 6332 --- [restartedMain] o.h.b.i.BytecodeProviderInitiator        : HHH000021: Bytecode provider name : bytebuddy
2023-12-13T04:37:14.519+09:00  INFO 6332 --- [restartedMain] o.s.o.j.p.SpringPersistenceUnitInfo      : No LoadTimeWeaver setup: ignoring JPA class transformer
2023-12-13T04:37:14.526+09:00  INFO 6332 --- [restartedMain] o.h.b.i.BytecodeProviderInitiator        : HHH000021: Bytecode provider name : bytebuddy
2023-12-13T04:37:14.535+09:00  INFO 6332 --- [restartedMain] o.h.e.t.j.p.i.JtaPlatformInitiator       : HHH000490: Using JtaPlatform implementation: [org.hibernate.engine.transaction.jta.platform.internal.NoJtaPlatform]
2023-12-13T04:37:14.538+09:00  INFO 6332 --- [restartedMain] j.LocalContainerEntityManagerFactoryBean : Initialized JPA EntityManagerFactory for persistence unit 'default'
2023-12-13T04:37:14.845+09:00  WARN 6332 --- [restartedMain] JpaBaseConfiguration$JpaWebConfiguration : spring.jpa.open-in-view is enabled by default. Therefore, database queries may be performed during view rendering. Explicitly configure spring.jpa.open-in-view to disable this warning
2023-12-13T04:37:14.925+09:00  INFO 6332 --- [restartedMain] o.s.b.a.w.s.WelcomePageHandlerMapping    : Adding welcome page template: index
2023-12-13T04:37:15.066+09:00  INFO 6332 --- [restartedMain] o.s.b.d.a.OptionalLiveReloadServer       : LiveReload server is running on port 35729
2023-12-13T04:37:15.085+09:00  INFO 6332 --- [restartedMain] o.s.b.w.embedded.tomcat.TomcatWebServer  : Tomcat started on port(s): 8080 (http) with context path ''
2023-12-13T04:37:15.110+09:00  INFO 6332 --- [restartedMain] com.portpolio.DemoApplication            : Started DemoApplication in 1.233 seconds (process running for 155.048)
2023-12-13T04:37:15.120+09:00  INFO 6332 --- [restartedMain] .ConditionEvaluationDeltaLoggingListener : Condition evaluation unchanged
2023-12-13T04:37:16.609+09:00  INFO 6332 --- [File Watcher] rtingClassPathChangeChangedEventListener : Restarting due to 1 class path change (0 additions, 0 deletions, 1 modification)
2023-12-13T04:37:16.660+09:00  INFO 6332 --- [Thread-7] o.apache.catalina.core.StandardService   : Stopping service [Tomcat]
2023-12-13T04:37:16.719+09:00  INFO 6332 --- [Thread-7] j.LocalContainerEntityManagerFactoryBean : Closing JPA EntityManagerFactory for persistence unit 'default'
2023-12-13T04:37:16.779+09:00  INFO 6332 --- [Thread-7] com.zaxxer.hikari.HikariDataSource       : HikariPool-2 - Shutdown initiated...
2023-12-13T04:37:16.794+09:00  INFO 6332 --- [Thread-7] com.zaxxer.hikari.HikariDataSource       : HikariPool-2 - Shutdown completed.
2023-12-13T04:37:17.241+09:00  INFO 6332 --- [restartedMain] com.portpolio.DemoApplication            : Starting DemoApplication using Java 17.0.7 with PID 6332 (D:\workSpace\home-work\portpolio\target\classes started by hongju in D:\workSpace\home-work\portpolio)
2023-12-13T04:37:17.253+09:00  INFO 6332 --- [restartedMain] com.portpolio.DemoApplication            : No active profile set, falling back to 1 default profile: "default"
2023-12-13T04:37:17.760+09:00  INFO 6332 --- [restartedMain] .s.d.r.c.RepositoryConfigurationDelegate : Bootstrapping Spring Data JPA repositories in DEFAULT mode.
2023-12-13T04:37:17.773+09:00  INFO 6332 --- [restartedMain] .s.d.r.c.RepositoryConfigurationDelegate : Finished Spring Data repository scanning in 11 ms. Found 0 JPA repository interfaces.
2023-12-13T04:37:17.968+09:00  INFO 6332 --- [restartedMain] o.s.b.w.embedded.tomcat.TomcatWebServer  : Tomcat initialized with port(s): 8080 (http)
2023-12-13T04:37:17.970+09:00  INFO 6332 --- [restartedMain] o.apache.catalina.core.StandardService   : Starting service [Tomcat]
2023-12-13T04:37:17.974+09:00  INFO 6332 --- [restartedMain] o.apache.catalina.core.StandardEngine    : Starting Servlet engine: [Apache Tomcat/10.1.13]
2023-12-13T04:37:18.073+09:00  INFO 6332 --- [restartedMain] o.a.c.c.C.[Tomcat].[localhost].[/]       : Initializing Spring embedded WebApplicationContext
2023-12-13T04:37:18.075+09:00  INFO 6332 --- [restartedMain] w.s.c.ServletWebServerApplicationContext : Root WebApplicationContext: initialization completed in 817 ms
2023-12-13T04:37:18.175+09:00  INFO 6332 --- [restartedMain] com.zaxxer.hikari.HikariDataSource       : HikariPool-3 - Starting...
2023-12-13T04:37:18.191+09:00  INFO 6332 --- [restartedMain] com.zaxxer.hikari.pool.HikariPool        : HikariPool-3 - Added connection com.mysql.cj.jdbc.ConnectionImpl@fccf4e7
2023-12-13T04:37:18.192+09:00  INFO 6332 --- [restartedMain] com.zaxxer.hikari.HikariDataSource       : HikariPool-3 - Start completed.
2023-12-13T04:37:18.194+09:00  INFO 6332 --- [restartedMain] o.hibernate.jpa.internal.util.LogHelper  : HHH000204: Processing PersistenceUnitInfo [name: default]
2023-12-13T04:37:18.204+09:00  INFO 6332 --- [restartedMain] o.h.b.i.BytecodeProviderInitiator        : HHH000021: Bytecode provider name : bytebuddy
2023-12-13T04:37:18.205+09:00  INFO 6332 --- [restartedMain] o.s.o.j.p.SpringPersistenceUnitInfo      : No LoadTimeWeaver setup: ignoring JPA class transformer
2023-12-13T04:37:18.213+09:00  INFO 6332 --- [restartedMain] o.h.b.i.BytecodeProviderInitiator        : HHH000021: Bytecode provider name : bytebuddy
2023-12-13T04:37:18.223+09:00  INFO 6332 --- [restartedMain] o.h.e.t.j.p.i.JtaPlatformInitiator       : HHH000490: Using JtaPlatform implementation: [org.hibernate.engine.transaction.jta.platform.internal.NoJtaPlatform]
2023-12-13T04:37:18.224+09:00  INFO 6332 --- [restartedMain] j.LocalContainerEntityManagerFactoryBean : Initialized JPA EntityManagerFactory for persistence unit 'default'
2023-12-13T04:37:18.404+09:00  WARN 6332 --- [restartedMain] JpaBaseConfiguration$JpaWebConfiguration : spring.jpa.open-in-view is enabled by default. Therefore, database queries may be performed during view rendering. Explicitly configure spring.jpa.open-in-view to disable this warning
2023-12-13T04:37:18.457+09:00  INFO 6332 --- [restartedMain] o.s.b.a.w.s.WelcomePageHandlerMapping    : Adding welcome page template: index
2023-12-13T04:37:18.542+09:00  INFO 6332 --- [restartedMain] o.s.b.d.a.OptionalLiveReloadServer       : LiveReload server is running on port 35729
2023-12-13T04:37:18.561+09:00  INFO 6332 --- [restartedMain] o.s.b.w.embedded.tomcat.TomcatWebServer  : Tomcat started on port(s): 8080 (http) with context path ''
2023-12-13T04:37:18.570+09:00  INFO 6332 --- [http-nio-8080-exec-3] o.a.c.c.C.[Tomcat].[localhost].[/]       : Initializing Spring DispatcherServlet 'dispatcherServlet'
2023-12-13T04:37:18.571+09:00  INFO 6332 --- [http-nio-8080-exec-3] o.s.web.servlet.DispatcherServlet        : Initializing Servlet 'dispatcherServlet'
2023-12-13T04:37:18.574+09:00  INFO 6332 --- [http-nio-8080-exec-3] o.s.web.servlet.DispatcherServlet        : Completed initialization in 0 ms
2023-12-13T04:37:18.586+09:00  INFO 6332 --- [restartedMain] com.portpolio.DemoApplication            : Started DemoApplication in 1.689 seconds (process running for 158.524)
2023-12-13T04:37:18.618+09:00  INFO 6332 --- [restartedMain] .ConditionEvaluationDeltaLoggingListener : Condition evaluation unchanged
2023-12-13T04:37:20.026+09:00  INFO 6332 --- [File Watcher] rtingClassPathChangeChangedEventListener : Restarting due to 1 class path change (0 additions, 0 deletions, 1 modification)
2023-12-13T04:37:20.045+09:00  INFO 6332 --- [Thread-11] o.apache.catalina.core.StandardService   : Stopping service [Tomcat]
2023-12-13T04:37:20.046+09:00  INFO 6332 --- [Thread-11] o.a.c.c.C.[Tomcat].[localhost].[/]       : Destroying Spring FrameworkServlet 'dispatcherServlet'
2023-12-13T04:37:20.050+09:00  INFO 6332 --- [Thread-11] j.LocalContainerEntityManagerFactoryBean : Closing JPA EntityManagerFactory for persistence unit 'default'
2023-12-13T04:37:20.051+09:00  INFO 6332 --- [Thread-11] com.zaxxer.hikari.HikariDataSource       : HikariPool-3 - Shutdown initiated...
2023-12-13T04:37:20.057+09:00  INFO 6332 --- [Thread-11] com.zaxxer.hikari.HikariDataSource       : HikariPool-3 - Shutdown completed.
2023-12-13T04:37:20.117+09:00  INFO 6332 --- [restartedMain] com.portpolio.DemoApplication            : Starting DemoApplication using Java 17.0.7 with PID 6332 (D:\workSpace\home-work\portpolio\target\classes started by hongju in D:\workSpace\home-work\portpolio)
2023-12-13T04:37:20.117+09:00  INFO 6332 --- [restartedMain] com.portpolio.DemoApplication            : No active profile set, falling back to 1 default profile: "default"
2023-12-13T04:37:20.319+09:00  INFO 6332 --- [restartedMain] .s.d.r.c.RepositoryConfigurationDelegate : Bootstrapping Spring Data JPA repositories in DEFAULT mode.
2023-12-13T04:37:20.328+09:00  INFO 6332 --- [restartedMain] .s.d.r.c.RepositoryConfigurationDelegate : Finished Spring Data repository scanning in 8 ms. Found 0 JPA repository interfaces.
2023-12-13T04:37:20.412+09:00  INFO 6332 --- [restartedMain] o.s.b.w.embedded.tomcat.TomcatWebServer  : Tomcat initialized with port(s): 8080 (http)
2023-12-13T04:37:20.413+09:00  INFO 6332 --- [restartedMain] o.apache.catalina.core.StandardService   : Starting service [Tomcat]
2023-12-13T04:37:20.414+09:00  INFO 6332 --- [restartedMain] o.apache.catalina.core.StandardEngine    : Starting Servlet engine: [Apache Tomcat/10.1.13]
2023-12-13T04:37:20.469+09:00  INFO 6332 --- [restartedMain] o.a.c.c.C.[Tomcat].[localhost].[/]       : Initializing Spring embedded WebApplicationContext
2023-12-13T04:37:20.470+09:00  INFO 6332 --- [restartedMain] w.s.c.ServletWebServerApplicationContext : Root WebApplicationContext: initialization completed in 351 ms
2023-12-13T04:37:20.504+09:00  INFO 6332 --- [restartedMain] com.zaxxer.hikari.HikariDataSource       : HikariPool-4 - Starting...
2023-12-13T04:37:20.516+09:00  INFO 6332 --- [restartedMain] com.zaxxer.hikari.pool.HikariPool        : HikariPool-4 - Added connection com.mysql.cj.jdbc.ConnectionImpl@6d8eb850
2023-12-13T04:37:20.517+09:00  INFO 6332 --- [restartedMain] com.zaxxer.hikari.HikariDataSource       : HikariPool-4 - Start completed.
2023-12-13T04:37:20.518+09:00  INFO 6332 --- [restartedMain] o.hibernate.jpa.internal.util.LogHelper  : HHH000204: Processing PersistenceUnitInfo [name: default]
2023-12-13T04:37:20.524+09:00  INFO 6332 --- [restartedMain] o.h.b.i.BytecodeProviderInitiator        : HHH000021: Bytecode provider name : bytebuddy
2023-12-13T04:37:20.524+09:00  INFO 6332 --- [restartedMain] o.s.o.j.p.SpringPersistenceUnitInfo      : No LoadTimeWeaver setup: ignoring JPA class transformer
2023-12-13T04:37:20.528+09:00  INFO 6332 --- [restartedMain] o.h.b.i.BytecodeProviderInitiator        : HHH000021: Bytecode provider name : bytebuddy
2023-12-13T04:37:20.536+09:00  INFO 6332 --- [restartedMain] o.h.e.t.j.p.i.JtaPlatformInitiator       : HHH000490: Using JtaPlatform implementation: [org.hibernate.engine.transaction.jta.platform.internal.NoJtaPlatform]
2023-12-13T04:37:20.537+09:00  INFO 6332 --- [restartedMain] j.LocalContainerEntityManagerFactoryBean : Initialized JPA EntityManagerFactory for persistence unit 'default'
2023-12-13T04:37:20.643+09:00  WARN 6332 --- [restartedMain] JpaBaseConfiguration$JpaWebConfiguration : spring.jpa.open-in-view is enabled by default. Therefore, database queries may be performed during view rendering. Explicitly configure spring.jpa.open-in-view to disable this warning
2023-12-13T04:37:20.673+09:00  INFO 6332 --- [restartedMain] o.s.b.a.w.s.WelcomePageHandlerMapping    : Adding welcome page template: index
2023-12-13T04:37:20.721+09:00  INFO 6332 --- [restartedMain] o.s.b.d.a.OptionalLiveReloadServer       : LiveReload server is running on port 35729
2023-12-13T04:37:20.732+09:00  INFO 6332 --- [restartedMain] o.s.b.w.embedded.tomcat.TomcatWebServer  : Tomcat started on port(s): 8080 (http) with context path ''
2023-12-13T04:37:20.736+09:00  INFO 6332 --- [restartedMain] com.portpolio.DemoApplication            : Started DemoApplication in 0.639 seconds (process running for 160.673)
2023-12-13T04:37:20.737+09:00  INFO 6332 --- [restartedMain] .ConditionEvaluationDeltaLoggingListener : Condition evaluation unchanged
2023-12-13T04:37:21.994+09:00  INFO 6332 --- [http-nio-8080-exec-1] o.a.c.c.C.[Tomcat].[localhost].[/]       : Initializing Spring DispatcherServlet 'dispatcherServlet'
2023-12-13T04:37:21.995+09:00  INFO 6332 --- [http-nio-8080-exec-1] o.s.web.servlet.DispatcherServlet        : Initializing Servlet 'dispatcherServlet'
2023-12-13T04:37:21.997+09:00  INFO 6332 --- [http-nio-8080-exec-1] o.s.web.servlet.DispatcherServlet        : Completed initialization in 1 ms
2023-12-13T04:37:32.752+09:00  INFO 6332 --- [File Watcher] rtingClassPathChangeChangedEventListener : Restarting due to 1 class path change (0 additions, 0 deletions, 1 modification)
2023-12-13T04:37:32.774+09:00  INFO 6332 --- [Thread-15] o.apache.catalina.core.StandardService   : Stopping service [Tomcat]
2023-12-13T04:37:32.775+09:00  INFO 6332 --- [Thread-15] o.a.c.c.C.[Tomcat].[localhost].[/]       : Destroying Spring FrameworkServlet 'dispatcherServlet'
2023-12-13T04:37:32.779+09:00  INFO 6332 --- [Thread-15] j.LocalContainerEntityManagerFactoryBean : Closing JPA EntityManagerFactory for persistence unit 'default'
2023-12-13T04:37:32.779+09:00  INFO 6332 --- [Thread-15] com.zaxxer.hikari.HikariDataSource       : HikariPool-4 - Shutdown initiated...
2023-12-13T04:37:32.786+09:00  INFO 6332 --- [Thread-15] com.zaxxer.hikari.HikariDataSource       : HikariPool-4 - Shutdown completed.
2023-12-13T04:37:32.858+09:00  INFO 6332 --- [restartedMain] com.portpolio.DemoApplication            : Starting DemoApplication using Java 17.0.7 with PID 6332 (D:\workSpace\home-work\portpolio\target\classes started by hongju in D:\workSpace\home-work\portpolio)
2023-12-13T04:37:32.859+09:00  INFO 6332 --- [restartedMain] com.portpolio.DemoApplication            : No active profile set, falling back to 1 default profile: "default"
2023-12-13T04:37:33.253+09:00  INFO 6332 --- [restartedMain] .s.d.r.c.RepositoryConfigurationDelegate : Bootstrapping Spring Data JPA repositories in DEFAULT mode.
2023-12-13T04:37:33.267+09:00  INFO 6332 --- [restartedMain] .s.d.r.c.RepositoryConfigurationDelegate : Finished Spring Data repository scanning in 8 ms. Found 0 JPA repository interfaces.
2023-12-13T04:37:33.383+09:00  INFO 6332 --- [restartedMain] o.s.b.w.embedded.tomcat.TomcatWebServer  : Tomcat initialized with port(s): 8080 (http)
2023-12-13T04:37:33.395+09:00  INFO 6332 --- [restartedMain] o.apache.catalina.core.StandardService   : Starting service [Tomcat]
2023-12-13T04:37:33.395+09:00  INFO 6332 --- [restartedMain] o.apache.catalina.core.StandardEngine    : Starting Servlet engine: [Apache Tomcat/10.1.13]
2023-12-13T04:37:33.458+09:00  INFO 6332 --- [restartedMain] o.a.c.c.C.[Tomcat].[localhost].[/]       : Initializing Spring embedded WebApplicationContext
2023-12-13T04:37:33.468+09:00  INFO 6332 --- [restartedMain] w.s.c.ServletWebServerApplicationContext : Root WebApplicationContext: initialization completed in 604 ms
2023-12-13T04:37:33.518+09:00  INFO 6332 --- [restartedMain] com.zaxxer.hikari.HikariDataSource       : HikariPool-5 - Starting...
2023-12-13T04:37:33.538+09:00  INFO 6332 --- [restartedMain] com.zaxxer.hikari.pool.HikariPool        : HikariPool-5 - Added connection com.mysql.cj.jdbc.ConnectionImpl@37b4f007
2023-12-13T04:37:33.538+09:00  INFO 6332 --- [restartedMain] com.zaxxer.hikari.HikariDataSource       : HikariPool-5 - Start completed.
2023-12-13T04:37:33.539+09:00  INFO 6332 --- [restartedMain] o.hibernate.jpa.internal.util.LogHelper  : HHH000204: Processing PersistenceUnitInfo [name: default]
2023-12-13T04:37:33.548+09:00  INFO 6332 --- [restartedMain] o.h.b.i.BytecodeProviderInitiator        : HHH000021: Bytecode provider name : bytebuddy
2023-12-13T04:37:33.549+09:00  INFO 6332 --- [restartedMain] o.s.o.j.p.SpringPersistenceUnitInfo      : No LoadTimeWeaver setup: ignoring JPA class transformer
2023-12-13T04:37:33.554+09:00  INFO 6332 --- [restartedMain] o.h.b.i.BytecodeProviderInitiator        : HHH000021: Bytecode provider name : bytebuddy
2023-12-13T04:37:33.563+09:00  INFO 6332 --- [restartedMain] o.h.e.t.j.p.i.JtaPlatformInitiator       : HHH000490: Using JtaPlatform implementation: [org.hibernate.engine.transaction.jta.platform.internal.NoJtaPlatform]
2023-12-13T04:37:33.564+09:00  INFO 6332 --- [restartedMain] j.LocalContainerEntityManagerFactoryBean : Initialized JPA EntityManagerFactory for persistence unit 'default'
2023-12-13T04:37:33.713+09:00  WARN 6332 --- [restartedMain] JpaBaseConfiguration$JpaWebConfiguration : spring.jpa.open-in-view is enabled by default. Therefore, database queries may be performed during view rendering. Explicitly configure spring.jpa.open-in-view to disable this warning
2023-12-13T04:37:33.765+09:00  INFO 6332 --- [restartedMain] o.s.b.a.w.s.WelcomePageHandlerMapping    : Adding welcome page template: index
2023-12-13T04:37:33.833+09:00  INFO 6332 --- [restartedMain] o.s.b.d.a.OptionalLiveReloadServer       : LiveReload server is running on port 35729
2023-12-13T04:37:33.846+09:00  INFO 6332 --- [restartedMain] o.s.b.w.embedded.tomcat.TomcatWebServer  : Tomcat started on port(s): 8080 (http) with context path ''
2023-12-13T04:37:33.854+09:00  INFO 6332 --- [restartedMain] com.portpolio.DemoApplication            : Started DemoApplication in 1.027 seconds (process running for 173.791)
2023-12-13T04:37:33.859+09:00  INFO 6332 --- [restartedMain] .ConditionEvaluationDeltaLoggingListener : Condition evaluation unchanged
2023-12-13T04:37:36.064+09:00  INFO 6332 --- [http-nio-8080-exec-1] o.a.c.c.C.[Tomcat].[localhost].[/]       : Initializing Spring DispatcherServlet 'dispatcherServlet'
2023-12-13T04:37:36.065+09:00  INFO 6332 --- [http-nio-8080-exec-1] o.s.web.servlet.DispatcherServlet        : Initializing Servlet 'dispatcherServlet'
2023-12-13T04:37:36.067+09:00  INFO 6332 --- [http-nio-8080-exec-1] o.s.web.servlet.DispatcherServlet        : Completed initialization in 1 ms
2023-12-13T04:37:36.459+09:00  INFO 6332 --- [File Watcher] rtingClassPathChangeChangedEventListener : Restarting due to 1 class path change (0 additions, 0 deletions, 1 modification)
2023-12-13T04:37:36.478+09:00  INFO 6332 --- [Thread-19] o.apache.catalina.core.StandardService   : Stopping service [Tomcat]
2023-12-13T04:37:36.478+09:00  INFO 6332 --- [Thread-19] o.a.c.c.C.[Tomcat].[localhost].[/]       : Destroying Spring FrameworkServlet 'dispatcherServlet'
2023-12-13T04:37:36.482+09:00  INFO 6332 --- [Thread-19] j.LocalContainerEntityManagerFactoryBean : Closing JPA EntityManagerFactory for persistence unit 'default'
2023-12-13T04:37:36.483+09:00  INFO 6332 --- [Thread-19] com.zaxxer.hikari.HikariDataSource       : HikariPool-5 - Shutdown initiated...
2023-12-13T04:37:36.492+09:00  INFO 6332 --- [Thread-19] com.zaxxer.hikari.HikariDataSource       : HikariPool-5 - Shutdown completed.
2023-12-13T04:37:36.558+09:00  INFO 6332 --- [restartedMain] com.portpolio.DemoApplication            : Starting DemoApplication using Java 17.0.7 with PID 6332 (D:\workSpace\home-work\portpolio\target\classes started by hongju in D:\workSpace\home-work\portpolio)
2023-12-13T04:37:36.559+09:00  INFO 6332 --- [restartedMain] com.portpolio.DemoApplication            : No active profile set, falling back to 1 default profile: "default"
2023-12-13T04:37:36.756+09:00  INFO 6332 --- [restartedMain] .s.d.r.c.RepositoryConfigurationDelegate : Bootstrapping Spring Data JPA repositories in DEFAULT mode.
2023-12-13T04:37:36.767+09:00  INFO 6332 --- [restartedMain] .s.d.r.c.RepositoryConfigurationDelegate : Finished Spring Data repository scanning in 8 ms. Found 0 JPA repository interfaces.
2023-12-13T04:37:36.863+09:00  INFO 6332 --- [restartedMain] o.s.b.w.embedded.tomcat.TomcatWebServer  : Tomcat initialized with port(s): 8080 (http)
2023-12-13T04:37:36.865+09:00  INFO 6332 --- [restartedMain] o.apache.catalina.core.StandardService   : Starting service [Tomcat]
2023-12-13T04:37:36.865+09:00  INFO 6332 --- [restartedMain] o.apache.catalina.core.StandardEngine    : Starting Servlet engine: [Apache Tomcat/10.1.13]
2023-12-13T04:37:36.935+09:00  INFO 6332 --- [restartedMain] o.a.c.c.C.[Tomcat].[localhost].[/]       : Initializing Spring embedded WebApplicationContext
2023-12-13T04:37:36.937+09:00  INFO 6332 --- [restartedMain] w.s.c.ServletWebServerApplicationContext : Root WebApplicationContext: initialization completed in 373 ms
2023-12-13T04:37:36.977+09:00  INFO 6332 --- [restartedMain] com.zaxxer.hikari.HikariDataSource       : HikariPool-6 - Starting...
2023-12-13T04:37:36.993+09:00  INFO 6332 --- [restartedMain] com.zaxxer.hikari.pool.HikariPool        : HikariPool-6 - Added connection com.mysql.cj.jdbc.ConnectionImpl@4b2bbb83
2023-12-13T04:37:36.994+09:00  INFO 6332 --- [restartedMain] com.zaxxer.hikari.HikariDataSource       : HikariPool-6 - Start completed.
2023-12-13T04:37:36.995+09:00  INFO 6332 --- [restartedMain] o.hibernate.jpa.internal.util.LogHelper  : HHH000204: Processing PersistenceUnitInfo [name: default]
2023-12-13T04:37:37.001+09:00  INFO 6332 --- [restartedMain] o.h.b.i.BytecodeProviderInitiator        : HHH000021: Bytecode provider name : bytebuddy
2023-12-13T04:37:37.002+09:00  INFO 6332 --- [restartedMain] o.s.o.j.p.SpringPersistenceUnitInfo      : No LoadTimeWeaver setup: ignoring JPA class transformer
2023-12-13T04:37:37.006+09:00  INFO 6332 --- [restartedMain] o.h.b.i.BytecodeProviderInitiator        : HHH000021: Bytecode provider name : bytebuddy
2023-12-13T04:37:37.012+09:00  INFO 6332 --- [restartedMain] o.h.e.t.j.p.i.JtaPlatformInitiator       : HHH000490: Using JtaPlatform implementation: [org.hibernate.engine.transaction.jta.platform.internal.NoJtaPlatform]
2023-12-13T04:37:37.014+09:00  INFO 6332 --- [restartedMain] j.LocalContainerEntityManagerFactoryBean : Initialized JPA EntityManagerFactory for persistence unit 'default'
2023-12-13T04:37:37.133+09:00  WARN 6332 --- [restartedMain] JpaBaseConfiguration$JpaWebConfiguration : spring.jpa.open-in-view is enabled by default. Therefore, database queries may be performed during view rendering. Explicitly configure spring.jpa.open-in-view to disable this warning
2023-12-13T04:37:37.162+09:00  INFO 6332 --- [restartedMain] o.s.b.a.w.s.WelcomePageHandlerMapping    : Adding welcome page template: index
2023-12-13T04:37:37.213+09:00  INFO 6332 --- [restartedMain] o.s.b.d.a.OptionalLiveReloadServer       : LiveReload server is running on port 35729
2023-12-13T04:37:37.224+09:00  INFO 6332 --- [restartedMain] o.s.b.w.embedded.tomcat.TomcatWebServer  : Tomcat started on port(s): 8080 (http) with context path ''
2023-12-13T04:37:37.228+09:00  INFO 6332 --- [restartedMain] com.portpolio.DemoApplication            : Started DemoApplication in 0.694 seconds (process running for 177.165)
2023-12-13T04:37:37.230+09:00  INFO 6332 --- [restartedMain] .ConditionEvaluationDeltaLoggingListener : Condition evaluation unchanged
2023-12-13T04:37:37.386+09:00  INFO 6332 --- [http-nio-8080-exec-1] o.a.c.c.C.[Tomcat].[localhost].[/]       : Initializing Spring DispatcherServlet 'dispatcherServlet'
2023-12-13T04:37:37.386+09:00  INFO 6332 --- [http-nio-8080-exec-1] o.s.web.servlet.DispatcherServlet        : Initializing Servlet 'dispatcherServlet'
2023-12-13T04:37:37.387+09:00  INFO 6332 --- [http-nio-8080-exec-1] o.s.web.servlet.DispatcherServlet        : Completed initialization in 0 ms
2023-12-13T05:22:00.606+09:00  INFO 6076 --- [restartedMain] com.portpolio.DemoApplication            : Starting DemoApplication using Java 17.0.7 with PID 6076 (D:\workSpace\home-work\portpolio\target\classes started by hongju in D:\workSpace\home-work\portpolio)
2023-12-13T05:22:00.612+09:00  INFO 6076 --- [restartedMain] com.portpolio.DemoApplication            : No active profile set, falling back to 1 default profile: "default"
2023-12-13T05:22:00.678+09:00  INFO 6076 --- [restartedMain] .e.DevToolsPropertyDefaultsPostProcessor : Devtools property defaults active! Set 'spring.devtools.add-properties' to 'false' to disable
2023-12-13T05:22:00.679+09:00  INFO 6076 --- [restartedMain] .e.DevToolsPropertyDefaultsPostProcessor : For additional web related logging consider setting the 'logging.level.web' property to 'DEBUG'
2023-12-13T05:22:02.023+09:00  INFO 6076 --- [restartedMain] .s.d.r.c.RepositoryConfigurationDelegate : Bootstrapping Spring Data JPA repositories in DEFAULT mode.
2023-12-13T05:22:02.057+09:00  INFO 6076 --- [restartedMain] .s.d.r.c.RepositoryConfigurationDelegate : Finished Spring Data repository scanning in 17 ms. Found 0 JPA repository interfaces.
2023-12-13T05:22:02.794+09:00  INFO 6076 --- [restartedMain] o.s.b.w.embedded.tomcat.TomcatWebServer  : Tomcat initialized with port(s): 8080 (http)
2023-12-13T05:22:02.806+09:00  INFO 6076 --- [restartedMain] o.apache.catalina.core.StandardService   : Starting service [Tomcat]
2023-12-13T05:22:02.807+09:00  INFO 6076 --- [restartedMain] o.apache.catalina.core.StandardEngine    : Starting Servlet engine: [Apache Tomcat/10.1.13]
2023-12-13T05:22:02.905+09:00  INFO 6076 --- [restartedMain] o.a.c.c.C.[Tomcat].[localhost].[/]       : Initializing Spring embedded WebApplicationContext
2023-12-13T05:22:02.906+09:00  INFO 6076 --- [restartedMain] w.s.c.ServletWebServerApplicationContext : Root WebApplicationContext: initialization completed in 2226 ms
2023-12-13T05:22:03.030+09:00  INFO 6076 --- [restartedMain] com.zaxxer.hikari.HikariDataSource       : HikariPool-1 - Starting...
2023-12-13T05:22:03.308+09:00  INFO 6076 --- [restartedMain] com.zaxxer.hikari.pool.HikariPool        : HikariPool-1 - Added connection com.mysql.cj.jdbc.ConnectionImpl@3bc4cf21
2023-12-13T05:22:03.310+09:00  INFO 6076 --- [restartedMain] com.zaxxer.hikari.HikariDataSource       : HikariPool-1 - Start completed.
2023-12-13T05:22:03.355+09:00  INFO 6076 --- [restartedMain] o.hibernate.jpa.internal.util.LogHelper  : HHH000204: Processing PersistenceUnitInfo [name: default]
2023-12-13T05:22:03.410+09:00  INFO 6076 --- [restartedMain] org.hibernate.Version                    : HHH000412: Hibernate ORM core version 6.2.9.Final
2023-12-13T05:22:03.413+09:00  INFO 6076 --- [restartedMain] org.hibernate.cfg.Environment            : HHH000406: Using bytecode reflection optimizer
2023-12-13T05:22:03.559+09:00  INFO 6076 --- [restartedMain] o.h.b.i.BytecodeProviderInitiator        : HHH000021: Bytecode provider name : bytebuddy
2023-12-13T05:22:03.700+09:00  INFO 6076 --- [restartedMain] o.s.o.j.p.SpringPersistenceUnitInfo      : No LoadTimeWeaver setup: ignoring JPA class transformer
2023-12-13T05:22:03.843+09:00  INFO 6076 --- [restartedMain] o.h.b.i.BytecodeProviderInitiator        : HHH000021: Bytecode provider name : bytebuddy
2023-12-13T05:22:04.031+09:00  INFO 6076 --- [restartedMain] o.h.e.t.j.p.i.JtaPlatformInitiator       : HHH000490: Using JtaPlatform implementation: [org.hibernate.engine.transaction.jta.platform.internal.NoJtaPlatform]
2023-12-13T05:22:04.036+09:00  INFO 6076 --- [restartedMain] j.LocalContainerEntityManagerFactoryBean : Initialized JPA EntityManagerFactory for persistence unit 'default'
2023-12-13T05:22:04.521+09:00  WARN 6076 --- [restartedMain] JpaBaseConfiguration$JpaWebConfiguration : spring.jpa.open-in-view is enabled by default. Therefore, database queries may be performed during view rendering. Explicitly configure spring.jpa.open-in-view to disable this warning
2023-12-13T05:22:04.740+09:00  INFO 6076 --- [restartedMain] o.s.b.a.w.s.WelcomePageHandlerMapping    : Adding welcome page template: index
2023-12-13T05:22:04.978+09:00  INFO 6076 --- [restartedMain] o.s.b.d.a.OptionalLiveReloadServer       : LiveReload server is running on port 35729
2023-12-13T05:22:05.018+09:00  INFO 6076 --- [restartedMain] o.s.b.w.embedded.tomcat.TomcatWebServer  : Tomcat started on port(s): 8080 (http) with context path ''
2023-12-13T05:22:05.028+09:00  INFO 6076 --- [restartedMain] com.portpolio.DemoApplication            : Started DemoApplication in 4.883 seconds (process running for 5.487)
2023-12-13T05:22:05.177+09:00  INFO 6076 --- [http-nio-8080-exec-1] o.a.c.c.C.[Tomcat].[localhost].[/]       : Initializing Spring DispatcherServlet 'dispatcherServlet'
2023-12-13T05:22:05.178+09:00  INFO 6076 --- [http-nio-8080-exec-1] o.s.web.servlet.DispatcherServlet        : Initializing Servlet 'dispatcherServlet'
2023-12-13T05:22:05.182+09:00  INFO 6076 --- [http-nio-8080-exec-1] o.s.web.servlet.DispatcherServlet        : Completed initialization in 2 ms
2023-12-13T05:22:13.954+09:00  INFO 6076 --- [File Watcher] rtingClassPathChangeChangedEventListener : Restarting due to 1 class path change (0 additions, 0 deletions, 1 modification)
2023-12-13T05:22:13.979+09:00  INFO 6076 --- [Thread-5] o.apache.catalina.core.StandardService   : Stopping service [Tomcat]
2023-12-13T05:22:13.983+09:00  INFO 6076 --- [Thread-5] o.a.c.c.C.[Tomcat].[localhost].[/]       : Destroying Spring FrameworkServlet 'dispatcherServlet'
2023-12-13T05:22:13.994+09:00  INFO 6076 --- [Thread-5] j.LocalContainerEntityManagerFactoryBean : Closing JPA EntityManagerFactory for persistence unit 'default'
2023-12-13T05:22:13.999+09:00  INFO 6076 --- [Thread-5] com.zaxxer.hikari.HikariDataSource       : HikariPool-1 - Shutdown initiated...
2023-12-13T05:22:14.010+09:00  INFO 6076 --- [Thread-5] com.zaxxer.hikari.HikariDataSource       : HikariPool-1 - Shutdown completed.
2023-12-13T05:22:14.110+09:00  INFO 6076 --- [restartedMain] com.portpolio.DemoApplication            : Starting DemoApplication using Java 17.0.7 with PID 6076 (D:\workSpace\home-work\portpolio\target\classes started by hongju in D:\workSpace\home-work\portpolio)
2023-12-13T05:22:14.113+09:00  INFO 6076 --- [restartedMain] com.portpolio.DemoApplication            : No active profile set, falling back to 1 default profile: "default"
2023-12-13T05:22:14.472+09:00  INFO 6076 --- [restartedMain] .s.d.r.c.RepositoryConfigurationDelegate : Bootstrapping Spring Data JPA repositories in DEFAULT mode.
2023-12-13T05:22:14.488+09:00  INFO 6076 --- [restartedMain] .s.d.r.c.RepositoryConfigurationDelegate : Finished Spring Data repository scanning in 13 ms. Found 0 JPA repository interfaces.
2023-12-13T05:22:14.674+09:00  INFO 6076 --- [restartedMain] o.s.b.w.embedded.tomcat.TomcatWebServer  : Tomcat initialized with port(s): 8080 (http)
2023-12-13T05:22:14.679+09:00  INFO 6076 --- [restartedMain] o.apache.catalina.core.StandardService   : Starting service [Tomcat]
2023-12-13T05:22:14.680+09:00  INFO 6076 --- [restartedMain] o.apache.catalina.core.StandardEngine    : Starting Servlet engine: [Apache Tomcat/10.1.13]
2023-12-13T05:22:14.769+09:00  INFO 6076 --- [restartedMain] o.a.c.c.C.[Tomcat].[localhost].[/]       : Initializing Spring embedded WebApplicationContext
2023-12-13T05:22:14.770+09:00  INFO 6076 --- [restartedMain] w.s.c.ServletWebServerApplicationContext : Root WebApplicationContext: initialization completed in 651 ms
2023-12-13T05:22:14.904+09:00  INFO 6076 --- [restartedMain] com.zaxxer.hikari.HikariDataSource       : HikariPool-2 - Starting...
2023-12-13T05:22:14.939+09:00  INFO 6076 --- [restartedMain] com.zaxxer.hikari.pool.HikariPool        : HikariPool-2 - Added connection com.mysql.cj.jdbc.ConnectionImpl@1195ac8
2023-12-13T05:22:14.939+09:00  INFO 6076 --- [restartedMain] com.zaxxer.hikari.HikariDataSource       : HikariPool-2 - Start completed.
2023-12-13T05:22:14.941+09:00  INFO 6076 --- [restartedMain] o.hibernate.jpa.internal.util.LogHelper  : HHH000204: Processing PersistenceUnitInfo [name: default]
2023-12-13T05:22:14.949+09:00  INFO 6076 --- [restartedMain] o.h.b.i.BytecodeProviderInitiator        : HHH000021: Bytecode provider name : bytebuddy
2023-12-13T05:22:14.950+09:00  INFO 6076 --- [restartedMain] o.s.o.j.p.SpringPersistenceUnitInfo      : No LoadTimeWeaver setup: ignoring JPA class transformer
2023-12-13T05:22:14.959+09:00  INFO 6076 --- [restartedMain] o.h.b.i.BytecodeProviderInitiator        : HHH000021: Bytecode provider name : bytebuddy
2023-12-13T05:22:14.967+09:00  INFO 6076 --- [restartedMain] o.h.e.t.j.p.i.JtaPlatformInitiator       : HHH000490: Using JtaPlatform implementation: [org.hibernate.engine.transaction.jta.platform.internal.NoJtaPlatform]
2023-12-13T05:22:14.969+09:00  INFO 6076 --- [restartedMain] j.LocalContainerEntityManagerFactoryBean : Initialized JPA EntityManagerFactory for persistence unit 'default'
2023-12-13T05:22:15.166+09:00  WARN 6076 --- [restartedMain] JpaBaseConfiguration$JpaWebConfiguration : spring.jpa.open-in-view is enabled by default. Therefore, database queries may be performed during view rendering. Explicitly configure spring.jpa.open-in-view to disable this warning
2023-12-13T05:22:15.222+09:00  INFO 6076 --- [restartedMain] o.s.b.a.w.s.WelcomePageHandlerMapping    : Adding welcome page template: index
2023-12-13T05:22:15.314+09:00  INFO 6076 --- [restartedMain] o.s.b.d.a.OptionalLiveReloadServer       : LiveReload server is running on port 35729
2023-12-13T05:22:15.329+09:00  INFO 6076 --- [restartedMain] o.s.b.w.embedded.tomcat.TomcatWebServer  : Tomcat started on port(s): 8080 (http) with context path ''
2023-12-13T05:22:15.333+09:00  INFO 6076 --- [restartedMain] com.portpolio.DemoApplication            : Started DemoApplication in 1.266 seconds (process running for 15.793)
2023-12-13T05:22:15.338+09:00  INFO 6076 --- [restartedMain] .ConditionEvaluationDeltaLoggingListener : Condition evaluation unchanged
2023-12-13T05:22:40.077+09:00  INFO 6076 --- [File Watcher] rtingClassPathChangeChangedEventListener : Restarting due to 2 class path changes (0 additions, 0 deletions, 2 modifications)
2023-12-13T05:22:40.108+09:00  INFO 6076 --- [Thread-7] o.apache.catalina.core.StandardService   : Stopping service [Tomcat]
2023-12-13T05:22:40.117+09:00  INFO 6076 --- [Thread-7] j.LocalContainerEntityManagerFactoryBean : Closing JPA EntityManagerFactory for persistence unit 'default'
2023-12-13T05:22:40.118+09:00  INFO 6076 --- [Thread-7] com.zaxxer.hikari.HikariDataSource       : HikariPool-2 - Shutdown initiated...
2023-12-13T05:22:40.135+09:00  INFO 6076 --- [Thread-7] com.zaxxer.hikari.HikariDataSource       : HikariPool-2 - Shutdown completed.
2023-12-13T05:22:40.217+09:00  INFO 6076 --- [restartedMain] com.portpolio.DemoApplication            : Starting DemoApplication using Java 17.0.7 with PID 6076 (D:\workSpace\home-work\portpolio\target\classes started by hongju in D:\workSpace\home-work\portpolio)
2023-12-13T05:22:40.219+09:00  INFO 6076 --- [restartedMain] com.portpolio.DemoApplication            : No active profile set, falling back to 1 default profile: "default"
2023-12-13T05:22:40.682+09:00  INFO 6076 --- [restartedMain] .s.d.r.c.RepositoryConfigurationDelegate : Bootstrapping Spring Data JPA repositories in DEFAULT mode.
2023-12-13T05:22:40.694+09:00  INFO 6076 --- [restartedMain] .s.d.r.c.RepositoryConfigurationDelegate : Finished Spring Data repository scanning in 10 ms. Found 0 JPA repository interfaces.
2023-12-13T05:22:40.847+09:00  INFO 6076 --- [restartedMain] o.s.b.w.embedded.tomcat.TomcatWebServer  : Tomcat initialized with port(s): 8080 (http)
2023-12-13T05:22:40.848+09:00  INFO 6076 --- [restartedMain] o.apache.catalina.core.StandardService   : Starting service [Tomcat]
2023-12-13T05:22:40.849+09:00  INFO 6076 --- [restartedMain] o.apache.catalina.core.StandardEngine    : Starting Servlet engine: [Apache Tomcat/10.1.13]
2023-12-13T05:22:40.918+09:00  INFO 6076 --- [restartedMain] o.a.c.c.C.[Tomcat].[localhost].[/]       : Initializing Spring embedded WebApplicationContext
2023-12-13T05:22:40.918+09:00  INFO 6076 --- [restartedMain] w.s.c.ServletWebServerApplicationContext : Root WebApplicationContext: initialization completed in 696 ms
2023-12-13T05:22:40.973+09:00  INFO 6076 --- [restartedMain] com.zaxxer.hikari.HikariDataSource       : HikariPool-3 - Starting...
2023-12-13T05:22:40.999+09:00  INFO 6076 --- [restartedMain] com.zaxxer.hikari.pool.HikariPool        : HikariPool-3 - Added connection com.mysql.cj.jdbc.ConnectionImpl@67e3427d
2023-12-13T05:22:41.001+09:00  INFO 6076 --- [restartedMain] com.zaxxer.hikari.HikariDataSource       : HikariPool-3 - Start completed.
2023-12-13T05:22:41.005+09:00  INFO 6076 --- [restartedMain] o.hibernate.jpa.internal.util.LogHelper  : HHH000204: Processing PersistenceUnitInfo [name: default]
2023-12-13T05:22:41.014+09:00  INFO 6076 --- [restartedMain] o.h.b.i.BytecodeProviderInitiator        : HHH000021: Bytecode provider name : bytebuddy
2023-12-13T05:22:41.015+09:00  INFO 6076 --- [restartedMain] o.s.o.j.p.SpringPersistenceUnitInfo      : No LoadTimeWeaver setup: ignoring JPA class transformer
2023-12-13T05:22:41.021+09:00  INFO 6076 --- [restartedMain] o.h.b.i.BytecodeProviderInitiator        : HHH000021: Bytecode provider name : bytebuddy
2023-12-13T05:22:41.033+09:00  INFO 6076 --- [restartedMain] o.h.e.t.j.p.i.JtaPlatformInitiator       : HHH000490: Using JtaPlatform implementation: [org.hibernate.engine.transaction.jta.platform.internal.NoJtaPlatform]
2023-12-13T05:22:41.038+09:00  INFO 6076 --- [restartedMain] j.LocalContainerEntityManagerFactoryBean : Initialized JPA EntityManagerFactory for persistence unit 'default'
2023-12-13T05:22:41.275+09:00  WARN 6076 --- [restartedMain] JpaBaseConfiguration$JpaWebConfiguration : spring.jpa.open-in-view is enabled by default. Therefore, database queries may be performed during view rendering. Explicitly configure spring.jpa.open-in-view to disable this warning
2023-12-13T05:22:41.318+09:00  INFO 6076 --- [restartedMain] o.s.b.a.w.s.WelcomePageHandlerMapping    : Adding welcome page template: index
2023-12-13T05:22:41.399+09:00  INFO 6076 --- [restartedMain] o.s.b.d.a.OptionalLiveReloadServer       : LiveReload server is running on port 35729
2023-12-13T05:22:41.413+09:00  INFO 6076 --- [restartedMain] o.s.b.w.embedded.tomcat.TomcatWebServer  : Tomcat started on port(s): 8080 (http) with context path ''
2023-12-13T05:22:41.418+09:00  INFO 6076 --- [restartedMain] com.portpolio.DemoApplication            : Started DemoApplication in 1.235 seconds (process running for 41.878)
2023-12-13T05:22:41.421+09:00  INFO 6076 --- [restartedMain] .ConditionEvaluationDeltaLoggingListener : Condition evaluation unchanged
